<?xml version="1.0" encoding="UTF-8"?>
<!-- Generated by org.testng.reporters.JUnitReportReporter -->
<testsuite hostname="DESKTOP-3FHGEAI" failures="0" tests="1" name="popup.Example06_AuthenticationPopUp" time="10.081" errors="0" timestamp="2023-05-21T20:06:22 IST" skipped="0">
  <testcase classname="popup.Example06_AuthenticationPopUp" name="loginTest" time="10.081"/>
  <system-out/>
</testsuite> <!-- popup.Example06_AuthenticationPopUp -->
