<?xml version="1.0" encoding="UTF-8"?>
<!-- Generated by org.testng.reporters.JUnitReportReporter -->
<testsuite hostname="DESKTOP-3FHGEAI" failures="0" tests="1" name="Action_Class.Example01_doubleClick" time="0.620" errors="0" timestamp="2023-05-21T20:19:23 IST" skipped="0">
  <testcase classname="Action_Class.Example01_doubleClick" name="VerifyDoubleClick" time="0.620"/>
  <system-out/>
</testsuite> <!-- Action_Class.Example01_doubleClick -->
