<?xml version="1.0" encoding="UTF-8"?>
<!-- Generated by org.testng.reporters.JUnitReportReporter -->
<testsuite hostname="DESKTOP-3FHGEAI" failures="0" tests="1" name="Action_Class.Example02_contextClick" time="0.761" errors="0" timestamp="2023-05-21T20:47:57 IST" skipped="0">
  <testcase classname="Action_Class.Example02_contextClick" name="VerifyContextClick" time="0.761"/>
  <system-out/>
</testsuite> <!-- Action_Class.Example02_contextClick -->
