<?xml version="1.0" encoding="UTF-8"?>
<!-- Generated by org.testng.reporters.JUnitReportReporter -->
<testsuite hostname="DESKTOP-3FHGEAI" failures="0" tests="1" name="Frames.Sample003_MoveInner_To_OuterFrame" time="27.548" errors="0" timestamp="2023-05-21T13:58:05 IST" skipped="0">
  <testcase classname="Frames.Sample003_MoveInner_To_OuterFrame" name="VerifyNavigationInnerToOuter" time="27.548"/>
  <system-out/>
</testsuite> <!-- Frames.Sample003_MoveInner_To_OuterFrame -->
